  0%|                                                                                     | 0/138 [00:00<?, ?it/s]/opt/conda/lib/python3.11/site-packages/torch/utils/checkpoint.py:87: UserWarning: None of the inputs have requires_grad=True. Gradients will be None
  warnings.warn(
  7%|███▌                                              | 10/138 [08:13<1:43:06, 48.34s/it]Traceback (most recent call last):
{'loss': 0.8589, 'grad_norm': 0.4864683747291565, 'learning_rate': 0.0, 'epoch': 0.01}
{'loss': 0.7131, 'grad_norm': 0.6385265588760376, 'learning_rate': 4e-05, 'epoch': 0.01}
{'loss': 0.8576, 'grad_norm': 0.5286028981208801, 'learning_rate': 8e-05, 'epoch': 0.02}
{'loss': 0.7292, 'grad_norm': 0.46158453822135925, 'learning_rate': 0.00012, 'epoch': 0.03}
{'loss': 0.6458, 'grad_norm': 0.30599403381347656, 'learning_rate': 0.00016, 'epoch': 0.04}
{'loss': 0.7711, 'grad_norm': 0.2672990560531616, 'learning_rate': 0.0002, 'epoch': 0.04}
{'loss': 0.7091, 'grad_norm': 0.1711353361606598, 'learning_rate': 0.00019997210372120274, 'epoch': 0.05}
[2026-02-10 07:27:21,783] [WARNING] [stage3.py:2274:step] 1 pytorch allocator cache flushes since last step. this happens when there is high memory pressure and is detrimental to performance. if this is happening frequently consider adjusting settings to reduce memory consumption. If you are unable to make the cache flushes go away consider adding get_accelerator().empty_cache() calls in your training loop to ensure that all ranks flush their caches at the same time
{'loss': 0.7289, 'grad_norm': 0.31387782096862793, 'learning_rate': 0.0001998884304488584, 'epoch': 0.06}
{'loss': 0.605, 'grad_norm': 0.25019150972366333, 'learning_rate': 0.00019974902686642558, 'epoch': 0.07}
{'loss': 0.7859, 'grad_norm': 0.24715644121170044, 'learning_rate': 0.00019955397075072838, 'epoch': 0.07}
  File "<frozen os>", line 676, in __getitem__
KeyError: b'PYTORCH_NVML_BASED_CUDA_CHECK'

During handling of the above exception, another exception occurred:

Traceback (most recent call last):
  File "/data1/hbshim/Qwen3-VL/qwen-vl-finetune/qwenvl/train/train_qwen.py", line 206, in <module>
    train()
  File "/data1/hbshim/Qwen3-VL/qwen-vl-finetune/qwenvl/train/train_qwen.py", line 195, in train
    trainer.train()
  File "/opt/conda/lib/python3.11/site-packages/transformers/trainer.py", line 2325, in train
    return inner_training_loop(
           ^^^^^^^^^^^^^^^^^^^^
  File "/opt/conda/lib/python3.11/site-packages/transformers/trainer.py", line 2674, in _inner_training_loop
    tr_loss_step = self.training_step(model, inputs, num_items_in_batch)
                   ^^^^^^^^^^^^^^^^^^^^^^^^^^^^^^^^^^^^^^^^^^^^^^^^^^^^^
  File "/opt/conda/lib/python3.11/site-packages/transformers/trainer.py", line 4020, in training_step
    loss = self.compute_loss(model, inputs, num_items_in_batch=num_items_in_batch)
           ^^^^^^^^^^^^^^^^^^^^^^^^^^^^^^^^^^^^^^^^^^^^^^^^^^^^^^^^^^^^^^^^^^^^^^^
  File "/opt/conda/lib/python3.11/site-packages/transformers/trainer.py", line 4110, in compute_loss
    outputs = model(**inputs)
              ^^^^^^^^^^^^^^^
  File "/opt/conda/lib/python3.11/site-packages/torch/nn/modules/module.py", line 1736, in _wrapped_call_impl
    return self._call_impl(*args, **kwargs)
           ^^^^^^^^^^^^^^^^^^^^^^^^^^^^^^^^
  File "/opt/conda/lib/python3.11/site-packages/torch/nn/modules/module.py", line 1747, in _call_impl
    return forward_call(*args, **kwargs)
           ^^^^^^^^^^^^^^^^^^^^^^^^^^^^^
  File "/opt/conda/lib/python3.11/site-packages/deepspeed/utils/nvtx.py", line 20, in wrapped_fn
    ret_val = func(*args, **kwargs)
              ^^^^^^^^^^^^^^^^^^^^^
  File "/opt/conda/lib/python3.11/site-packages/deepspeed/runtime/engine.py", line 2265, in forward
    loss = self.module(*inputs, **kwargs)
           ^^^^^^^^^^^^^^^^^^^^^^^^^^^^^^
  File "/opt/conda/lib/python3.11/site-packages/torch/nn/modules/module.py", line 1736, in _wrapped_call_impl
    return self._call_impl(*args, **kwargs)
           ^^^^^^^^^^^^^^^^^^^^^^^^^^^^^^^^
  File "/opt/conda/lib/python3.11/site-packages/torch/nn/modules/module.py", line 1844, in _call_impl
    return inner()
           ^^^^^^^
  File "/opt/conda/lib/python3.11/site-packages/torch/nn/modules/module.py", line 1790, in inner
    result = forward_call(*args, **kwargs)
             ^^^^^^^^^^^^^^^^^^^^^^^^^^^^^
  File "/opt/conda/lib/python3.11/site-packages/peft/peft_model.py", line 1923, in forward
    return self.base_model(
           ^^^^^^^^^^^^^^^^
  File "/opt/conda/lib/python3.11/site-packages/torch/nn/modules/module.py", line 1736, in _wrapped_call_impl
    return self._call_impl(*args, **kwargs)
           ^^^^^^^^^^^^^^^^^^^^^^^^^^^^^^^^
  File "/opt/conda/lib/python3.11/site-packages/torch/nn/modules/module.py", line 1844, in _call_impl
    return inner()
           ^^^^^^^
  File "/opt/conda/lib/python3.11/site-packages/torch/nn/modules/module.py", line 1790, in inner
    result = forward_call(*args, **kwargs)
             ^^^^^^^^^^^^^^^^^^^^^^^^^^^^^
  File "/opt/conda/lib/python3.11/site-packages/peft/tuners/tuners_utils.py", line 311, in forward
    return self.model.forward(*args, **kwargs)
           ^^^^^^^^^^^^^^^^^^^^^^^^^^^^^^^^^^^
  File "/opt/conda/lib/python3.11/site-packages/transformers/utils/generic.py", line 918, in wrapper
    output = func(self, *args, **kwargs)
             ^^^^^^^^^^^^^^^^^^^^^^^^^^^
  File "/opt/conda/lib/python3.11/site-packages/transformers/models/qwen2_5_vl/modeling_qwen2_5_vl.py", line 1476, in forward
    outputs = self.model(
              ^^^^^^^^^^^
  File "/opt/conda/lib/python3.11/site-packages/torch/nn/modules/module.py", line 1736, in _wrapped_call_impl
    return self._call_impl(*args, **kwargs)
           ^^^^^^^^^^^^^^^^^^^^^^^^^^^^^^^^
  File "/opt/conda/lib/python3.11/site-packages/torch/nn/modules/module.py", line 1844, in _call_impl
    return inner()
           ^^^^^^^
  File "/opt/conda/lib/python3.11/site-packages/torch/nn/modules/module.py", line 1790, in inner
    result = forward_call(*args, **kwargs)
             ^^^^^^^^^^^^^^^^^^^^^^^^^^^^^
  File "/opt/conda/lib/python3.11/site-packages/transformers/models/qwen2_5_vl/modeling_qwen2_5_vl.py", line 1305, in forward
    outputs = self.language_model(
              ^^^^^^^^^^^^^^^^^^^^
  File "/opt/conda/lib/python3.11/site-packages/torch/nn/modules/module.py", line 1736, in _wrapped_call_impl
    return self._call_impl(*args, **kwargs)
           ^^^^^^^^^^^^^^^^^^^^^^^^^^^^^^^^
  File "/opt/conda/lib/python3.11/site-packages/torch/nn/modules/module.py", line 1844, in _call_impl
    return inner()
           ^^^^^^^
  File "/opt/conda/lib/python3.11/site-packages/torch/nn/modules/module.py", line 1790, in inner
    result = forward_call(*args, **kwargs)
             ^^^^^^^^^^^^^^^^^^^^^^^^^^^^^
  File "/opt/conda/lib/python3.11/site-packages/transformers/models/qwen2_5_vl/modeling_qwen2_5_vl.py", line 891, in forward
    layer_outputs = decoder_layer(
                    ^^^^^^^^^^^^^^
  File "/opt/conda/lib/python3.11/site-packages/transformers/modeling_layers.py", line 93, in __call__
    return self._gradient_checkpointing_func(partial(super().__call__, **kwargs), *args)
           ^^^^^^^^^^^^^^^^^^^^^^^^^^^^^^^^^^^^^^^^^^^^^^^^^^^^^^^^^^^^^^^^^^^^^^^^^^^^^
  File "/opt/conda/lib/python3.11/site-packages/torch/_compile.py", line 32, in inner
    return disable_fn(*args, **kwargs)
           ^^^^^^^^^^^^^^^^^^^^^^^^^^^
  File "/opt/conda/lib/python3.11/site-packages/torch/_dynamo/eval_frame.py", line 632, in _fn
    return fn(*args, **kwargs)
           ^^^^^^^^^^^^^^^^^^^
  File "/opt/conda/lib/python3.11/site-packages/torch/utils/checkpoint.py", line 489, in checkpoint
    return CheckpointFunction.apply(function, preserve, *args)
           ^^^^^^^^^^^^^^^^^^^^^^^^^^^^^^^^^^^^^^^^^^^^^^^^^^^
  File "/opt/conda/lib/python3.11/site-packages/torch/autograd/function.py", line 575, in apply
    return super().apply(*args, **kwargs)  # type: ignore[misc]
           ^^^^^^^^^^^^^^^^^^^^^^^^^^^^^^
  File "/opt/conda/lib/python3.11/site-packages/torch/utils/checkpoint.py", line 264, in forward
    outputs = run_function(*args)
              ^^^^^^^^^^^^^^^^^^^
  File "/opt/conda/lib/python3.11/site-packages/torch/nn/modules/module.py", line 1736, in _wrapped_call_impl
    return self._call_impl(*args, **kwargs)
           ^^^^^^^^^^^^^^^^^^^^^^^^^^^^^^^^
  File "/opt/conda/lib/python3.11/site-packages/torch/nn/modules/module.py", line 1844, in _call_impl
    return inner()
           ^^^^^^^
  File "/opt/conda/lib/python3.11/site-packages/torch/nn/modules/module.py", line 1790, in inner
    result = forward_call(*args, **kwargs)
             ^^^^^^^^^^^^^^^^^^^^^^^^^^^^^
  File "/opt/conda/lib/python3.11/site-packages/transformers/utils/deprecation.py", line 172, in wrapped_func
    return func(*args, **kwargs)
           ^^^^^^^^^^^^^^^^^^^^^
  File "/opt/conda/lib/python3.11/site-packages/transformers/models/qwen2_5_vl/modeling_qwen2_5_vl.py", line 741, in forward
    hidden_states, self_attn_weights = self.self_attn(
                                       ^^^^^^^^^^^^^^^
  File "/opt/conda/lib/python3.11/site-packages/torch/nn/modules/module.py", line 1736, in _wrapped_call_impl
    return self._call_impl(*args, **kwargs)
           ^^^^^^^^^^^^^^^^^^^^^^^^^^^^^^^^
  File "/opt/conda/lib/python3.11/site-packages/torch/nn/modules/module.py", line 1844, in _call_impl
    return inner()
           ^^^^^^^
  File "/opt/conda/lib/python3.11/site-packages/torch/nn/modules/module.py", line 1790, in inner
    result = forward_call(*args, **kwargs)
             ^^^^^^^^^^^^^^^^^^^^^^^^^^^^^
  File "/opt/conda/lib/python3.11/site-packages/transformers/utils/deprecation.py", line 172, in wrapped_func
    return func(*args, **kwargs)
           ^^^^^^^^^^^^^^^^^^^^^
  File "/opt/conda/lib/python3.11/site-packages/transformers/models/qwen2_5_vl/modeling_qwen2_5_vl.py", line 680, in forward
    attn_output = self.o_proj(attn_output)
                  ^^^^^^^^^^^^^^^^^^^^^^^^
  File "/opt/conda/lib/python3.11/site-packages/torch/nn/modules/module.py", line 1736, in _wrapped_call_impl
    return self._call_impl(*args, **kwargs)
           ^^^^^^^^^^^^^^^^^^^^^^^^^^^^^^^^
  File "/opt/conda/lib/python3.11/site-packages/torch/nn/modules/module.py", line 1844, in _call_impl
    return inner()
           ^^^^^^^
  File "/opt/conda/lib/python3.11/site-packages/torch/nn/modules/module.py", line 1790, in inner
    result = forward_call(*args, **kwargs)
             ^^^^^^^^^^^^^^^^^^^^^^^^^^^^^
  File "/opt/conda/lib/python3.11/site-packages/peft/tuners/lora/layer.py", line 793, in forward
    result = self.base_layer(x, *args, **kwargs)
             ^^^^^^^^^^^^^^^^^^^^^^^^^^^^^^^^^^^
  File "/opt/conda/lib/python3.11/site-packages/torch/nn/modules/module.py", line 1736, in _wrapped_call_impl
    return self._call_impl(*args, **kwargs)
           ^^^^^^^^^^^^^^^^^^^^^^^^^^^^^^^^
  File "/opt/conda/lib/python3.11/site-packages/torch/nn/modules/module.py", line 1844, in _call_impl
    return inner()
           ^^^^^^^
  File "/opt/conda/lib/python3.11/site-packages/torch/nn/modules/module.py", line 1779, in inner
    args_result = hook(self, args)
                  ^^^^^^^^^^^^^^^^
  File "/opt/conda/lib/python3.11/site-packages/torch/_dynamo/eval_frame.py", line 632, in _fn
    return fn(*args, **kwargs)
           ^^^^^^^^^^^^^^^^^^^
  File "/opt/conda/lib/python3.11/site-packages/deepspeed/runtime/zero/parameter_offload.py", line 300, in _pre_forward_module_hook
    self.pre_sub_module_forward_function(module)
  File "/opt/conda/lib/python3.11/site-packages/torch/utils/_contextlib.py", line 116, in decorate_context
    return func(*args, **kwargs)
           ^^^^^^^^^^^^^^^^^^^^^
  File "/opt/conda/lib/python3.11/site-packages/deepspeed/runtime/zero/parameter_offload.py", line 475, in pre_sub_module_forward_function
    param_coordinator.fetch_sub_module(sub_module, forward=True)
  File "/opt/conda/lib/python3.11/site-packages/torch/_dynamo/eval_frame.py", line 632, in _fn
    return fn(*args, **kwargs)
           ^^^^^^^^^^^^^^^^^^^
  File "/opt/conda/lib/python3.11/site-packages/deepspeed/utils/nvtx.py", line 20, in wrapped_fn
    ret_val = func(*args, **kwargs)
              ^^^^^^^^^^^^^^^^^^^^^
  File "/opt/conda/lib/python3.11/site-packages/torch/utils/_contextlib.py", line 116, in decorate_context
    return func(*args, **kwargs)
           ^^^^^^^^^^^^^^^^^^^^^
  File "/opt/conda/lib/python3.11/site-packages/deepspeed/runtime/zero/partitioned_param_coordinator.py", line 331, in fetch_sub_module
    with get_accelerator().stream(self.__allgather_stream):
         ^^^^^^^^^^^^^^^^^^^^^^^^^^^^^^^^^^^^^^^^^^^^^^^^^
  File "/opt/conda/lib/python3.11/site-packages/deepspeed/accelerator/cuda_accelerator.py", line 118, in stream
    return torch.cuda.stream(stream)
           ^^^^^^^^^^^^^^^^^^^^^^^^^
  File "/opt/conda/lib/python3.11/site-packages/torch/cuda/__init__.py", line 607, in stream
    return StreamContext(stream)
           ^^^^^^^^^^^^^^^^^^^^^
  File "/opt/conda/lib/python3.11/site-packages/torch/cuda/__init__.py", line 557, in __init__
    self.idx = _get_device_index(None, True)
               ^^^^^^^^^^^^^^^^^^^^^^^^^^^^^
  File "/opt/conda/lib/python3.11/site-packages/torch/cuda/_utils.py", line 38, in _get_device_index
    return _torch_get_device_index(device, optional, allow_cpu)
           ^^^^^^^^^^^^^^^^^^^^^^^^^^^^^^^^^^^^^^^^^^^^^^^^^^^^
  File "/opt/conda/lib/python3.11/site-packages/torch/_utils.py", line 812, in _get_device_index
    device_idx = _get_current_device_index()
                 ^^^^^^^^^^^^^^^^^^^^^^^^^^^
  File "/opt/conda/lib/python3.11/site-packages/torch/_utils.py", line 749, in _get_current_device_index
    return _get_device_attr(lambda m: m.current_device())
           ^^^^^^^^^^^^^^^^^^^^^^^^^^^^^^^^^^^^^^^^^^^^^^
  File "/opt/conda/lib/python3.11/site-packages/torch/_utils.py", line 734, in _get_device_attr
    device_type = _get_available_device_type()
                  ^^^^^^^^^^^^^^^^^^^^^^^^^^^^
  File "/opt/conda/lib/python3.11/site-packages/torch/_utils.py", line 719, in _get_available_device_type
    if torch.cuda.is_available():
       ^^^^^^^^^^^^^^^^^^^^^^^^^
  File "/opt/conda/lib/python3.11/site-packages/torch/cuda/__init__.py", line 120, in is_available
    if _nvml_based_avail():
       ^^^^^^^^^^^^^^^^^^^
  File "/opt/conda/lib/python3.11/site-packages/torch/cuda/__init__.py", line 113, in _nvml_based_avail
    return os.getenv("PYTORCH_NVML_BASED_CUDA_CHECK") == "1"
           ^^^^^^^^^^^^^^^^^^^^^^^^^^^^^^^^^^^^^^^^^^
  File "<frozen os>", line 777, in getenv
  File "<frozen _collections_abc>", line 774, in get
[rank0]: Traceback (most recent call last):
[rank0]:   File "<frozen os>", line 676, in __getitem__
[rank0]: KeyError: b'PYTORCH_NVML_BASED_CUDA_CHECK'

[rank0]: During handling of the above exception, another exception occurred:

[rank0]: Traceback (most recent call last):
[rank0]:   File "/data1/hbshim/Qwen3-VL/qwen-vl-finetune/qwenvl/train/train_qwen.py", line 206, in <module>
[rank0]:     train()
[rank0]:   File "/data1/hbshim/Qwen3-VL/qwen-vl-finetune/qwenvl/train/train_qwen.py", line 195, in train
[rank0]:     trainer.train()
[rank0]:   File "/opt/conda/lib/python3.11/site-packages/transformers/trainer.py", line 2325, in train
[rank0]:     return inner_training_loop(
[rank0]:            ^^^^^^^^^^^^^^^^^^^^
[rank0]:   File "/opt/conda/lib/python3.11/site-packages/transformers/trainer.py", line 2674, in _inner_training_loop
[rank0]:     tr_loss_step = self.training_step(model, inputs, num_items_in_batch)
[rank0]:                    ^^^^^^^^^^^^^^^^^^^^^^^^^^^^^^^^^^^^^^^^^^^^^^^^^^^^^
[rank0]:   File "/opt/conda/lib/python3.11/site-packages/transformers/trainer.py", line 4020, in training_step
[rank0]:     loss = self.compute_loss(model, inputs, num_items_in_batch=num_items_in_batch)
[rank0]:            ^^^^^^^^^^^^^^^^^^^^^^^^^^^^^^^^^^^^^^^^^^^^^^^^^^^^^^^^^^^^^^^^^^^^^^^
[rank0]:   File "/opt/conda/lib/python3.11/site-packages/transformers/trainer.py", line 4110, in compute_loss
[rank0]:     outputs = model(**inputs)
[rank0]:               ^^^^^^^^^^^^^^^
[rank0]:   File "/opt/conda/lib/python3.11/site-packages/torch/nn/modules/module.py", line 1736, in _wrapped_call_impl
[rank0]:     return self._call_impl(*args, **kwargs)
[rank0]:            ^^^^^^^^^^^^^^^^^^^^^^^^^^^^^^^^
[rank0]:   File "/opt/conda/lib/python3.11/site-packages/torch/nn/modules/module.py", line 1747, in _call_impl
[rank0]:     return forward_call(*args, **kwargs)
[rank0]:            ^^^^^^^^^^^^^^^^^^^^^^^^^^^^^
[rank0]:   File "/opt/conda/lib/python3.11/site-packages/deepspeed/utils/nvtx.py", line 20, in wrapped_fn
[rank0]:     ret_val = func(*args, **kwargs)
[rank0]:               ^^^^^^^^^^^^^^^^^^^^^
[rank0]:   File "/opt/conda/lib/python3.11/site-packages/deepspeed/runtime/engine.py", line 2265, in forward
[rank0]:     loss = self.module(*inputs, **kwargs)
[rank0]:            ^^^^^^^^^^^^^^^^^^^^^^^^^^^^^^
[rank0]:   File "/opt/conda/lib/python3.11/site-packages/torch/nn/modules/module.py", line 1736, in _wrapped_call_impl
[rank0]:     return self._call_impl(*args, **kwargs)
[rank0]:            ^^^^^^^^^^^^^^^^^^^^^^^^^^^^^^^^
[rank0]:   File "/opt/conda/lib/python3.11/site-packages/torch/nn/modules/module.py", line 1844, in _call_impl
[rank0]:     return inner()
[rank0]:            ^^^^^^^
[rank0]:   File "/opt/conda/lib/python3.11/site-packages/torch/nn/modules/module.py", line 1790, in inner
[rank0]:     result = forward_call(*args, **kwargs)
[rank0]:              ^^^^^^^^^^^^^^^^^^^^^^^^^^^^^
[rank0]:   File "/opt/conda/lib/python3.11/site-packages/peft/peft_model.py", line 1923, in forward
[rank0]:     return self.base_model(
[rank0]:            ^^^^^^^^^^^^^^^^
[rank0]:   File "/opt/conda/lib/python3.11/site-packages/torch/nn/modules/module.py", line 1736, in _wrapped_call_impl
[rank0]:     return self._call_impl(*args, **kwargs)
[rank0]:            ^^^^^^^^^^^^^^^^^^^^^^^^^^^^^^^^
[rank0]:   File "/opt/conda/lib/python3.11/site-packages/torch/nn/modules/module.py", line 1844, in _call_impl
[rank0]:     return inner()
[rank0]:            ^^^^^^^
[rank0]:   File "/opt/conda/lib/python3.11/site-packages/torch/nn/modules/module.py", line 1790, in inner
[rank0]:     result = forward_call(*args, **kwargs)
[rank0]:              ^^^^^^^^^^^^^^^^^^^^^^^^^^^^^
[rank0]:   File "/opt/conda/lib/python3.11/site-packages/peft/tuners/tuners_utils.py", line 311, in forward
[rank0]:     return self.model.forward(*args, **kwargs)
[rank0]:            ^^^^^^^^^^^^^^^^^^^^^^^^^^^^^^^^^^^
[rank0]:   File "/opt/conda/lib/python3.11/site-packages/transformers/utils/generic.py", line 918, in wrapper
[rank0]:     output = func(self, *args, **kwargs)
[rank0]:              ^^^^^^^^^^^^^^^^^^^^^^^^^^^
[rank0]:   File "/opt/conda/lib/python3.11/site-packages/transformers/models/qwen2_5_vl/modeling_qwen2_5_vl.py", line 1476, in forward
[rank0]:     outputs = self.model(
[rank0]:               ^^^^^^^^^^^
[rank0]:   File "/opt/conda/lib/python3.11/site-packages/torch/nn/modules/module.py", line 1736, in _wrapped_call_impl
[rank0]:     return self._call_impl(*args, **kwargs)
[rank0]:            ^^^^^^^^^^^^^^^^^^^^^^^^^^^^^^^^
[rank0]:   File "/opt/conda/lib/python3.11/site-packages/torch/nn/modules/module.py", line 1844, in _call_impl
[rank0]:     return inner()
[rank0]:            ^^^^^^^
[rank0]:   File "/opt/conda/lib/python3.11/site-packages/torch/nn/modules/module.py", line 1790, in inner
[rank0]:     result = forward_call(*args, **kwargs)
[rank0]:              ^^^^^^^^^^^^^^^^^^^^^^^^^^^^^
[rank0]:   File "/opt/conda/lib/python3.11/site-packages/transformers/models/qwen2_5_vl/modeling_qwen2_5_vl.py", line 1305, in forward
[rank0]:     outputs = self.language_model(
[rank0]:               ^^^^^^^^^^^^^^^^^^^^
[rank0]:   File "/opt/conda/lib/python3.11/site-packages/torch/nn/modules/module.py", line 1736, in _wrapped_call_impl
[rank0]:     return self._call_impl(*args, **kwargs)
[rank0]:            ^^^^^^^^^^^^^^^^^^^^^^^^^^^^^^^^
[rank0]:   File "/opt/conda/lib/python3.11/site-packages/torch/nn/modules/module.py", line 1844, in _call_impl
[rank0]:     return inner()
[rank0]:            ^^^^^^^
[rank0]:   File "/opt/conda/lib/python3.11/site-packages/torch/nn/modules/module.py", line 1790, in inner
[rank0]:     result = forward_call(*args, **kwargs)
[rank0]:              ^^^^^^^^^^^^^^^^^^^^^^^^^^^^^
[rank0]:   File "/opt/conda/lib/python3.11/site-packages/transformers/models/qwen2_5_vl/modeling_qwen2_5_vl.py", line 891, in forward
[rank0]:     layer_outputs = decoder_layer(
[rank0]:                     ^^^^^^^^^^^^^^
[rank0]:   File "/opt/conda/lib/python3.11/site-packages/transformers/modeling_layers.py", line 93, in __call__
[rank0]:     return self._gradient_checkpointing_func(partial(super().__call__, **kwargs), *args)
[rank0]:            ^^^^^^^^^^^^^^^^^^^^^^^^^^^^^^^^^^^^^^^^^^^^^^^^^^^^^^^^^^^^^^^^^^^^^^^^^^^^^
[rank0]:   File "/opt/conda/lib/python3.11/site-packages/torch/_compile.py", line 32, in inner
[rank0]:     return disable_fn(*args, **kwargs)
[rank0]:            ^^^^^^^^^^^^^^^^^^^^^^^^^^^
[rank0]:   File "/opt/conda/lib/python3.11/site-packages/torch/_dynamo/eval_frame.py", line 632, in _fn
[rank0]:     return fn(*args, **kwargs)
[rank0]:            ^^^^^^^^^^^^^^^^^^^
[rank0]:   File "/opt/conda/lib/python3.11/site-packages/torch/utils/checkpoint.py", line 489, in checkpoint
[rank0]:     return CheckpointFunction.apply(function, preserve, *args)
[rank0]:            ^^^^^^^^^^^^^^^^^^^^^^^^^^^^^^^^^^^^^^^^^^^^^^^^^^^
[rank0]:   File "/opt/conda/lib/python3.11/site-packages/torch/autograd/function.py", line 575, in apply
[rank0]:     return super().apply(*args, **kwargs)  # type: ignore[misc]
[rank0]:            ^^^^^^^^^^^^^^^^^^^^^^^^^^^^^^
[rank0]:   File "/opt/conda/lib/python3.11/site-packages/torch/utils/checkpoint.py", line 264, in forward
[rank0]:     outputs = run_function(*args)
[rank0]:               ^^^^^^^^^^^^^^^^^^^
[rank0]:   File "/opt/conda/lib/python3.11/site-packages/torch/nn/modules/module.py", line 1736, in _wrapped_call_impl
[rank0]:     return self._call_impl(*args, **kwargs)
[rank0]:            ^^^^^^^^^^^^^^^^^^^^^^^^^^^^^^^^
[rank0]:   File "/opt/conda/lib/python3.11/site-packages/torch/nn/modules/module.py", line 1844, in _call_impl
[rank0]:     return inner()
[rank0]:            ^^^^^^^
[rank0]:   File "/opt/conda/lib/python3.11/site-packages/torch/nn/modules/module.py", line 1790, in inner
[rank0]:     result = forward_call(*args, **kwargs)
[rank0]:              ^^^^^^^^^^^^^^^^^^^^^^^^^^^^^
[rank0]:   File "/opt/conda/lib/python3.11/site-packages/transformers/utils/deprecation.py", line 172, in wrapped_func
[rank0]:     return func(*args, **kwargs)
[rank0]:            ^^^^^^^^^^^^^^^^^^^^^
[rank0]:   File "/opt/conda/lib/python3.11/site-packages/transformers/models/qwen2_5_vl/modeling_qwen2_5_vl.py", line 741, in forward
[rank0]:     hidden_states, self_attn_weights = self.self_attn(
[rank0]:                                        ^^^^^^^^^^^^^^^
[rank0]:   File "/opt/conda/lib/python3.11/site-packages/torch/nn/modules/module.py", line 1736, in _wrapped_call_impl
[rank0]:     return self._call_impl(*args, **kwargs)
[rank0]:            ^^^^^^^^^^^^^^^^^^^^^^^^^^^^^^^^
[rank0]:   File "/opt/conda/lib/python3.11/site-packages/torch/nn/modules/module.py", line 1844, in _call_impl
[rank0]:     return inner()
[rank0]:            ^^^^^^^
[rank0]:   File "/opt/conda/lib/python3.11/site-packages/torch/nn/modules/module.py", line 1790, in inner
[rank0]:     result = forward_call(*args, **kwargs)
[rank0]:              ^^^^^^^^^^^^^^^^^^^^^^^^^^^^^
[rank0]:   File "/opt/conda/lib/python3.11/site-packages/transformers/utils/deprecation.py", line 172, in wrapped_func
[rank0]:     return func(*args, **kwargs)
[rank0]:            ^^^^^^^^^^^^^^^^^^^^^
[rank0]:   File "/opt/conda/lib/python3.11/site-packages/transformers/models/qwen2_5_vl/modeling_qwen2_5_vl.py", line 680, in forward
[rank0]:     attn_output = self.o_proj(attn_output)
[rank0]:                   ^^^^^^^^^^^^^^^^^^^^^^^^
[rank0]:   File "/opt/conda/lib/python3.11/site-packages/torch/nn/modules/module.py", line 1736, in _wrapped_call_impl
[rank0]:     return self._call_impl(*args, **kwargs)
[rank0]:            ^^^^^^^^^^^^^^^^^^^^^^^^^^^^^^^^
[rank0]:   File "/opt/conda/lib/python3.11/site-packages/torch/nn/modules/module.py", line 1844, in _call_impl
[rank0]:     return inner()
[rank0]:            ^^^^^^^
[rank0]:   File "/opt/conda/lib/python3.11/site-packages/torch/nn/modules/module.py", line 1790, in inner
[rank0]:     result = forward_call(*args, **kwargs)
[rank0]:              ^^^^^^^^^^^^^^^^^^^^^^^^^^^^^
[rank0]:   File "/opt/conda/lib/python3.11/site-packages/peft/tuners/lora/layer.py", line 793, in forward
[rank0]:     result = self.base_layer(x, *args, **kwargs)
[rank0]:              ^^^^^^^^^^^^^^^^^^^^^^^^^^^^^^^^^^^
[rank0]:   File "/opt/conda/lib/python3.11/site-packages/torch/nn/modules/module.py", line 1736, in _wrapped_call_impl
[rank0]:     return self._call_impl(*args, **kwargs)
[rank0]:            ^^^^^^^^^^^^^^^^^^^^^^^^^^^^^^^^
[rank0]:   File "/opt/conda/lib/python3.11/site-packages/torch/nn/modules/module.py", line 1844, in _call_impl
[rank0]:     return inner()
[rank0]:            ^^^^^^^
[rank0]:   File "/opt/conda/lib/python3.11/site-packages/torch/nn/modules/module.py", line 1779, in inner
[rank0]:     args_result = hook(self, args)
[rank0]:                   ^^^^^^^^^^^^^^^^
[rank0]:   File "/opt/conda/lib/python3.11/site-packages/torch/_dynamo/eval_frame.py", line 632, in _fn
[rank0]:     return fn(*args, **kwargs)
[rank0]:            ^^^^^^^^^^^^^^^^^^^
[rank0]:   File "/opt/conda/lib/python3.11/site-packages/deepspeed/runtime/zero/parameter_offload.py", line 300, in _pre_forward_module_hook
[rank0]:     self.pre_sub_module_forward_function(module)
[rank0]:   File "/opt/conda/lib/python3.11/site-packages/torch/utils/_contextlib.py", line 116, in decorate_context
[rank0]:     return func(*args, **kwargs)
[rank0]:            ^^^^^^^^^^^^^^^^^^^^^
[rank0]:   File "/opt/conda/lib/python3.11/site-packages/deepspeed/runtime/zero/parameter_offload.py", line 475, in pre_sub_module_forward_function
[rank0]:     param_coordinator.fetch_sub_module(sub_module, forward=True)
[rank0]:   File "/opt/conda/lib/python3.11/site-packages/torch/_dynamo/eval_frame.py", line 632, in _fn
[rank0]:     return fn(*args, **kwargs)
[rank0]:            ^^^^^^^^^^^^^^^^^^^
[rank0]:   File "/opt/conda/lib/python3.11/site-packages/deepspeed/utils/nvtx.py", line 20, in wrapped_fn
[rank0]:     ret_val = func(*args, **kwargs)
[rank0]:               ^^^^^^^^^^^^^^^^^^^^^
[rank0]:   File "/opt/conda/lib/python3.11/site-packages/torch/utils/_contextlib.py", line 116, in decorate_context
[rank0]:     return func(*args, **kwargs)
[rank0]:            ^^^^^^^^^^^^^^^^^^^^^
[rank0]:   File "/opt/conda/lib/python3.11/site-packages/deepspeed/runtime/zero/partitioned_param_coordinator.py", line 331, in fetch_sub_module
[rank0]:     with get_accelerator().stream(self.__allgather_stream):
[rank0]:          ^^^^^^^^^^^^^^^^^^^^^^^^^^^^^^^^^^^^^^^^^^^^^^^^^
[rank0]:   File "/opt/conda/lib/python3.11/site-packages/deepspeed/accelerator/cuda_accelerator.py", line 118, in stream
[rank0]:     return torch.cuda.stream(stream)
[rank0]:            ^^^^^^^^^^^^^^^^^^^^^^^^^
[rank0]:   File "/opt/conda/lib/python3.11/site-packages/torch/cuda/__init__.py", line 607, in stream
[rank0]:     return StreamContext(stream)
[rank0]:            ^^^^^^^^^^^^^^^^^^^^^
[rank0]:   File "/opt/conda/lib/python3.11/site-packages/torch/cuda/__init__.py", line 557, in __init__
[rank0]:     self.idx = _get_device_index(None, True)
[rank0]:                ^^^^^^^^^^^^^^^^^^^^^^^^^^^^^
[rank0]:   File "/opt/conda/lib/python3.11/site-packages/torch/cuda/_utils.py", line 38, in _get_device_index
[rank0]:     return _torch_get_device_index(device, optional, allow_cpu)
[rank0]:            ^^^^^^^^^^^^^^^^^^^^^^^^^^^^^^^^^^^^^^^^^^^^^^^^^^^^
[rank0]:   File "/opt/conda/lib/python3.11/site-packages/torch/_utils.py", line 812, in _get_device_index
[rank0]:     device_idx = _get_current_device_index()
[rank0]:                  ^^^^^^^^^^^^^^^^^^^^^^^^^^^
[rank0]:   File "/opt/conda/lib/python3.11/site-packages/torch/_utils.py", line 749, in _get_current_device_index
[rank0]:     return _get_device_attr(lambda m: m.current_device())
[rank0]:            ^^^^^^^^^^^^^^^^^^^^^^^^^^^^^^^^^^^^^^^^^^^^^^
[rank0]:   File "/opt/conda/lib/python3.11/site-packages/torch/_utils.py", line 734, in _get_device_attr
[rank0]:     device_type = _get_available_device_type()
[rank0]:                   ^^^^^^^^^^^^^^^^^^^^^^^^^^^^
[rank0]:   File "/opt/conda/lib/python3.11/site-packages/torch/_utils.py", line 719, in _get_available_device_type
[rank0]:     if torch.cuda.is_available():
[rank0]:        ^^^^^^^^^^^^^^^^^^^^^^^^^
[rank0]:   File "/opt/conda/lib/python3.11/site-packages/torch/cuda/__init__.py", line 120, in is_available
[rank0]:     if _nvml_based_avail():
[rank0]:        ^^^^^^^^^^^^^^^^^^^
[rank0]:   File "/opt/conda/lib/python3.11/site-packages/torch/cuda/__init__.py", line 113, in _nvml_based_avail
[rank0]:     return os.getenv("PYTORCH_NVML_BASED_CUDA_CHECK") == "1"
[rank0]:            ^^^^^^^^^^^^^^^^^^^^^^^^^^^^^^^^^^^^^^^^^^
[rank0]:   File "<frozen os>", line 777, in getenv
[rank0]:   File "<frozen _collections_abc>", line 774, in get
[rank0]:   File "<frozen os>", line 679, in __getitem__
[rank0]: KeyboardInterrupt
